0 info it worked if it ends with ok
1 verbose cli [ '/usr/bin/node', '/usr/bin/npm', 'run', 'react' ]
2 info using npm@3.5.2
3 info using node@v8.10.0
4 verbose run-script [ 'prereact', 'react', 'postreact' ]
5 info lifecycle wallebiproject@0.1.0~prereact: wallebiproject@0.1.0
6 silly lifecycle wallebiproject@0.1.0~prereact: no script for prereact, continuing
7 info lifecycle wallebiproject@0.1.0~react: wallebiproject@0.1.0
8 verbose lifecycle wallebiproject@0.1.0~react: unsafe-perm in lifecycle true
9 verbose lifecycle wallebiproject@0.1.0~react: PATH: /usr/share/npm/bin/node-gyp-bin:/home/dinesh-techkopra/ASHISH/ashish/wallebi/wallebiproject/node_modules/.bin:/usr/local/sbin:/usr/local/bin:/usr/sbin:/usr/bin:/sbin:/bin:/usr/games:/usr/local/games:/snap/bin
10 verbose lifecycle wallebiproject@0.1.0~react: CWD: /home/dinesh-techkopra/ASHISH/ashish/wallebi/wallebiproject
11 silly lifecycle wallebiproject@0.1.0~react: Args: [ '-c', 'react-scripts start' ]
12 silly lifecycle wallebiproject@0.1.0~react: Returned: code: 1  signal: null
13 info lifecycle wallebiproject@0.1.0~react: Failed to exec react script
14 verbose stack Error: wallebiproject@0.1.0 react: `react-scripts start`
14 verbose stack Exit status 1
14 verbose stack     at EventEmitter.<anonymous> (/usr/share/npm/lib/utils/lifecycle.js:232:16)
14 verbose stack     at emitTwo (events.js:126:13)
14 verbose stack     at EventEmitter.emit (events.js:214:7)
14 verbose stack     at ChildProcess.<anonymous> (/usr/share/npm/lib/utils/spawn.js:24:14)
14 verbose stack     at emitTwo (events.js:126:13)
14 verbose stack     at ChildProcess.emit (events.js:214:7)
14 verbose stack     at maybeClose (internal/child_process.js:925:16)
14 verbose stack     at Process.ChildProcess._handle.onexit (internal/child_process.js:209:5)
15 verbose pkgid wallebiproject@0.1.0
16 verbose cwd /home/dinesh-techkopra/ASHISH/ashish/wallebi/wallebiproject
17 error Linux 4.15.0-29-generic
18 error argv "/usr/bin/node" "/usr/bin/npm" "run" "react"
19 error node v8.10.0
20 error npm  v3.5.2
21 error code ELIFECYCLE
22 error wallebiproject@0.1.0 react: `react-scripts start`
22 error Exit status 1
23 error Failed at the wallebiproject@0.1.0 react script 'react-scripts start'.
23 error Make sure you have the latest version of node.js and npm installed.
23 error If you do, this is most likely a problem with the wallebiproject package,
23 error not with npm itself.
23 error Tell the author that this fails on your system:
23 error     react-scripts start
23 error You can get information on how to open an issue for this project with:
23 error     npm bugs wallebiproject
23 error Or if that isn't available, you can get their info via:
23 error     npm owner ls wallebiproject
23 error There is likely additional logging output above.
24 verbose exit [ 1, true ]
